SF:lib/src/extensions/string_ext.dart
DA:2,4
LF:1
LH:1
end_of_record
SF:lib/src/extensions/converters.dart
DA:1,6
DA:2,6
DA:3,5
LF:3
LH:3
end_of_record
SF:lib/src/storage/in_memory_store.dart
DA:7,2
DA:8,2
DA:12,2
DA:13,2
DA:18,2
DA:19,4
DA:25,2
DA:26,4
DA:27,4
DA:35,1
DA:36,2
DA:37,2
DA:46,2
DA:47,4
DA:48,6
DA:55,2
DA:56,4
DA:57,4
DA:65,2
DA:66,2
DA:67,6
DA:68,2
DA:70,2
DA:74,2
DA:75,4
DA:76,6
DA:77,4
DA:78,8
LF:28
LH:28
end_of_record
SF:lib/src/storage_provider.dart
DA:14,2
DA:15,2
DA:17,2
DA:21,2
DA:22,4
DA:23,4
DA:24,2
DA:28,2
DA:29,6
DA:33,4
DA:38,2
DA:40,4
DA:42,6
DA:44,3
DA:47,1
DA:48,3
DA:49,3
DA:53,1
DA:54,1
DA:55,2
DA:57,2
DA:60,2
DA:61,4
DA:65,4
DA:68,2
DA:69,6
DA:70,6
DA:74,2
DA:75,2
DA:76,6
DA:80,2
DA:81,6
DA:82,3
DA:83,2
DA:84,2
DA:85,2
DA:88,1
DA:89,2
DA:90,3
DA:92,3
DA:94,3
DA:100,2
DA:102,14
DA:103,2
DA:104,6
DA:106,4
DA:107,2
DA:113,4
DA:115,3
DA:117,2
DA:118,4
DA:119,3
DA:120,1
DA:124,2
DA:128,6
DA:129,8
DA:130,14
DA:134,2
DA:138,8
DA:139,18
DA:142,2
DA:144,6
DA:145,4
DA:147,0
DA:151,2
DA:152,6
DA:153,4
DA:155,4
DA:158,1
DA:159,2
DA:163,1
DA:164,1
DA:165,2
LF:73
LH:72
end_of_record
SF:lib/src/store_type.dart
DA:2,6
LF:1
LH:1
end_of_record
SF:lib/src/model/feature.dart
DA:23,3
DA:31,3
DA:39,3
DA:47,3
DA:48,3
DA:50,6
DA:51,0
DA:52,1
DA:60,1
DA:61,1
DA:62,1
DA:63,1
DA:64,0
DA:65,1
DA:66,1
LF:15
LH:13
end_of_record
SF:lib/src/model/feature.g.dart
DA:11,3
DA:12,3
DA:13,3
DA:14,3
DA:15,3
DA:17,6
DA:18,6
DA:19,3
DA:20,3
DA:24,6
DA:25,3
DA:26,3
DA:27,6
DA:28,6
DA:29,3
DA:30,3
LF:16
LH:16
end_of_record
SF:lib/src/model/flag.dart
DA:24,3
DA:33,6
DA:34,2
DA:36,8
DA:39,3
DA:40,12
DA:41,3
DA:49,3
DA:58,3
DA:59,3
DA:61,3
DA:64,3
DA:67,6
DA:68,6
DA:76,6
DA:78,6
DA:79,9
DA:81,2
DA:89,2
DA:90,2
DA:91,1
DA:92,2
DA:93,1
DA:94,2
DA:95,2
DA:96,2
LF:26
LH:26
end_of_record
SF:lib/src/model/flag.g.dart
DA:11,3
DA:12,3
DA:13,3
DA:14,6
DA:15,6
DA:16,3
DA:17,3
DA:18,3
DA:19,3
DA:23,6
DA:24,3
DA:25,6
DA:26,6
DA:27,3
DA:28,3
DA:29,3
DA:30,3
LF:17
LH:17
end_of_record
SF:lib/src/model/flags_and_traits.dart
DA:11,1
DA:15,1
DA:16,1
DA:18,2
DA:19,0
DA:20,1
DA:24,1
DA:25,0
DA:26,0
LF:9
LH:6
end_of_record
SF:lib/src/model/flags_and_traits.g.dart
DA:11,1
DA:12,1
DA:13,1
DA:14,3
DA:15,1
DA:16,1
DA:17,3
DA:18,1
DA:22,1
DA:23,1
DA:24,5
DA:25,5
LF:12
LH:12
end_of_record
SF:lib/src/model/identity.dart
DA:10,2
DA:14,2
DA:15,2
DA:17,2
DA:18,0
DA:19,1
DA:20,2
LF:7
LH:6
end_of_record
SF:lib/src/model/identity.g.dart
DA:11,2
DA:12,2
DA:13,2
DA:17,2
DA:18,1
LF:5
LH:5
end_of_record
SF:lib/src/model/trait.dart
DA:19,2
DA:24,4
DA:26,4
DA:27,3
DA:28,1
DA:33,1
DA:34,1
DA:35,1
DA:36,1
DA:51,1
DA:56,1
DA:57,1
DA:59,2
DA:60,3
DA:61,1
DA:66,1
DA:67,1
DA:68,1
DA:69,1
LF:19
LH:19
end_of_record
SF:lib/src/model/trait.g.dart
DA:11,2
DA:12,2
DA:13,2
DA:14,2
DA:15,4
DA:19,4
DA:20,2
DA:21,2
DA:22,4
DA:25,1
DA:26,1
DA:27,2
DA:28,1
DA:29,2
DA:33,1
DA:34,1
DA:35,2
DA:36,1
DA:37,2
LF:19
LH:19
end_of_record
SF:lib/src/model/loading.dart
DA:1,6
LF:1
LH:1
end_of_record
SF:lib/src/tools/security.dart
DA:13,2
DA:14,6
DA:15,10
DA:17,2
DA:18,8
DA:19,4
DA:23,2
DA:24,2
DA:25,8
DA:28,2
DA:29,2
DA:30,2
DA:31,4
DA:32,10
DA:33,2
DA:36,2
DA:37,4
DA:38,4
DA:41,2
DA:44,8
LF:20
LH:20
end_of_record
