TN:
SF:lib/src/extensions/converters.dart
FNF:0
FNH:0
DA:1,2
DA:2,6
DA:3,3
LF:3
LH:3
end_of_record
TN:
SF:lib/src/extensions/string_ext.dart
FNF:0
FNH:0
DA:2,4
LF:1
LH:1
end_of_record
TN:
SF:lib/src/model/feature.dart
FNF:0
FNH:0
DA:23,1
DA:31,1
DA:39,1
DA:47,1
DA:48,1
DA:50,2
DA:51,0
DA:52,1
DA:60,1
DA:61,1
DA:62,1
DA:63,1
DA:64,0
DA:65,1
DA:66,1
LF:15
LH:13
end_of_record
TN:
SF:lib/src/model/feature.g.dart
FNF:0
FNH:0
DA:11,1
DA:12,1
DA:13,1
DA:14,1
DA:15,1
DA:17,2
DA:18,2
DA:19,1
DA:20,1
DA:24,2
DA:25,1
DA:26,1
DA:27,2
DA:28,2
DA:29,1
DA:30,1
LF:16
LH:16
end_of_record
TN:
SF:lib/src/model/flag.dart
FNF:0
FNH:0
DA:24,1
DA:33,0
DA:34,0
DA:36,0
DA:39,1
DA:40,4
DA:41,1
DA:49,1
DA:58,1
DA:59,1
DA:61,1
DA:64,1
DA:67,2
DA:68,2
DA:76,2
DA:78,2
DA:79,3
DA:81,1
DA:89,1
DA:90,1
DA:91,0
DA:92,1
DA:93,1
DA:94,1
DA:95,1
DA:96,1
LF:26
LH:22
end_of_record
TN:
SF:lib/src/model/flag.g.dart
FNF:0
FNH:0
DA:11,1
DA:12,1
DA:13,1
DA:14,2
DA:15,2
DA:16,1
DA:17,1
DA:18,1
DA:19,1
DA:23,2
DA:24,1
DA:25,2
DA:26,2
DA:27,1
DA:28,1
DA:29,1
DA:30,1
LF:17
LH:17
end_of_record
TN:
SF:lib/src/model/flags_and_traits.dart
FNF:0
FNH:0
DA:11,1
DA:15,1
DA:16,1
DA:18,2
DA:19,0
DA:20,1
DA:24,1
DA:25,0
DA:26,0
LF:9
LH:6
end_of_record
TN:
SF:lib/src/model/flags_and_traits.g.dart
FNF:0
FNH:0
DA:11,1
DA:12,1
DA:13,1
DA:14,3
DA:15,1
DA:16,1
DA:17,3
DA:18,1
DA:22,1
DA:23,1
DA:24,5
DA:25,5
LF:12
LH:12
end_of_record
TN:
SF:lib/src/model/identity.dart
FNF:0
FNH:0
DA:10,2
DA:14,2
DA:15,2
DA:17,2
DA:18,0
DA:19,1
DA:20,2
LF:7
LH:6
end_of_record
TN:
SF:lib/src/model/identity.g.dart
FNF:0
FNH:0
DA:11,2
DA:12,2
DA:13,2
DA:17,2
DA:18,1
LF:5
LH:5
end_of_record
TN:
SF:lib/src/model/loading.dart
FNF:0
FNH:0
DA:1,4
LF:1
LH:1
end_of_record
TN:
SF:lib/src/model/trait.dart
FNF:0
FNH:0
DA:19,2
DA:24,4
DA:26,4
DA:27,3
DA:28,1
DA:33,1
DA:34,1
DA:35,1
DA:36,1
DA:51,1
DA:56,1
DA:57,1
DA:59,2
DA:60,3
DA:61,1
DA:66,1
DA:67,1
DA:68,1
DA:69,1
LF:19
LH:19
end_of_record
TN:
SF:lib/src/model/trait.g.dart
FNF:0
FNH:0
DA:11,2
DA:12,2
DA:13,2
DA:14,2
DA:15,4
DA:19,4
DA:20,2
DA:21,2
DA:22,4
DA:25,1
DA:26,1
DA:27,2
DA:28,1
DA:29,2
DA:33,1
DA:34,1
DA:35,2
DA:36,1
DA:37,2
LF:19
LH:19
end_of_record
TN:
SF:lib/src/storage/in_memory_store.dart
FNF:0
FNH:0
DA:7,0
DA:8,0
DA:12,0
DA:13,0
DA:18,0
DA:19,0
DA:25,0
DA:26,0
DA:27,0
DA:35,0
DA:36,0
DA:37,0
DA:46,0
DA:47,0
DA:48,0
DA:55,0
DA:56,0
DA:57,0
DA:65,0
DA:66,0
DA:67,0
DA:68,0
DA:70,0
DA:74,0
DA:75,0
DA:76,0
DA:77,0
DA:78,0
LF:28
LH:0
end_of_record
TN:
SF:lib/src/storage_provider.dart
FNF:0
FNH:0
DA:14,0
DA:15,0
DA:17,0
DA:21,0
DA:22,0
DA:23,0
DA:24,0
DA:28,0
DA:29,0
DA:33,0
DA:38,0
DA:40,0
DA:42,0
DA:44,0
DA:47,0
DA:48,0
DA:49,0
DA:53,0
DA:54,0
DA:55,0
DA:57,0
DA:60,0
DA:61,0
DA:65,0
DA:68,0
DA:69,0
DA:70,0
DA:74,0
DA:75,0
DA:76,0
DA:80,0
DA:81,0
DA:82,0
DA:83,0
DA:84,0
DA:85,0
DA:88,0
DA:89,0
DA:90,0
DA:92,0
DA:94,0
DA:100,0
DA:102,0
DA:103,0
DA:104,0
DA:106,0
DA:107,0
DA:113,0
DA:115,0
DA:117,0
DA:118,0
DA:119,0
DA:120,0
DA:124,0
DA:128,0
DA:129,0
DA:130,0
DA:134,0
DA:138,0
DA:139,0
DA:142,0
DA:144,0
DA:145,0
DA:147,0
DA:151,0
DA:152,0
DA:153,0
DA:155,0
DA:158,0
DA:159,0
DA:163,0
DA:164,0
DA:165,0
LF:73
LH:0
end_of_record
TN:
SF:lib/src/store_type.dart
FNF:0
FNH:0
DA:2,4
LF:1
LH:1
end_of_record
TN:
SF:lib/src/tools/security.dart
FNF:0
FNH:0
DA:13,0
DA:14,0
DA:15,0
DA:17,0
DA:18,0
DA:19,0
DA:23,0
DA:24,0
DA:25,0
DA:28,0
DA:29,0
DA:30,0
DA:31,0
DA:32,0
DA:33,0
DA:36,0
DA:37,0
DA:38,0
DA:41,0
DA:44,0
LF:20
LH:0
end_of_record
